Using pre-set license
Built from '6000.1/staging' branch; Version is '6000.1.2f1 (8e2281df4c52) revision 9314945'; Using compiler version '194234433'; Build Type 'Release'
OS: 'Windows 10  (10.0.19045) 64bit Education' Language: 'pt' Physical Memory: 15741 MB
BatchMode: 1, IsHumanControllingUs: 0, StartBugReporterOnCrash: 0, Is64bit: 1, IsPro: 1
Date: 2025-08-13T17:24:56Z

COMMAND LINE ARGUMENTS:
C:\Program Files\Unity\Hub\Editor\6000.1.2f1\Editor\Unity.exe
-adb2
-batchMode
-noUpm
-name
AssetImportWorker3
-projectPath
C:/Users/ETEC/source/repos/3DS-3DS
-logFile
Logs/AssetImportWorker3.log
-srvPort
50293
-job-worker-count
5
-background-job-worker-count
8
-gc-helper-count
1
-name
AssetImport
Successfully changed project path to: C:/Users/ETEC/source/repos/3DS-3DS
C:/Users/ETEC/source/repos/3DS-3DS
[UnityMemory] Configuration Parameters - Can be set up in boot.config
    "memorysetup-allocator-temp-initial-block-size-main=262144"
    "memorysetup-allocator-temp-initial-block-size-worker=262144"
    "memorysetup-bucket-allocator-granularity=16"
    "memorysetup-bucket-allocator-bucket-count=8"
    "memorysetup-bucket-allocator-block-size=33554432"
    "memorysetup-bucket-allocator-block-count=8"
    "memorysetup-main-allocator-block-size=16777216"
    "memorysetup-thread-allocator-block-size=16777216"
    "memorysetup-gfx-main-allocator-block-size=16777216"
    "memorysetup-gfx-thread-allocator-block-size=16777216"
    "memorysetup-cache-allocator-block-size=4194304"
    "memorysetup-typetree-allocator-block-size=2097152"
    "memorysetup-profiler-bucket-allocator-granularity=16"
    "memorysetup-profiler-bucket-allocator-bucket-count=8"
    "memorysetup-profiler-bucket-allocator-block-size=33554432"
    "memorysetup-profiler-bucket-allocator-block-count=8"
    "memorysetup-profiler-allocator-block-size=16777216"
    "memorysetup-profiler-editor-allocator-block-size=1048576"
    "memorysetup-temp-allocator-size-main=16777216"
    "memorysetup-job-temp-allocator-block-size=2097152"
    "memorysetup-job-temp-allocator-block-size-background=1048576"
    "memorysetup-job-temp-allocator-reduction-small-platforms=262144"
    "memorysetup-temp-allocator-size-background-worker=32768"
    "memorysetup-temp-allocator-size-job-worker=262144"
    "memorysetup-temp-allocator-size-preload-manager=33554432"
    "memorysetup-temp-allocator-size-nav-mesh-worker=65536"
    "memorysetup-temp-allocator-size-audio-worker=65536"
    "memorysetup-temp-allocator-size-cloud-worker=32768"
    "memorysetup-temp-allocator-size-gi-baking-worker=262144"
    "memorysetup-temp-allocator-size-gi-baking-worker=262144"
    "memorysetup-temp-allocator-size-gi-baking-worker=262144"
    "memorysetup-temp-allocator-size-gi-baking-worker=262144"
    "memorysetup-temp-allocator-size-gi-baking-worker=262144"
    "memorysetup-temp-allocator-size-gfx=262144"
Player connection [13416]  Target information:

Player connection [13416]  * "[IP] 192.168.0.163 [Port] 0 [Flags] 2 [Guid] 783086844 [EditorId] 783086844 [Version] 1048832 [Id] WindowsEditor(7,L05M02) [Debug] 1 [PackageName] WindowsEditor [ProjectName] Editor" 

Player connection [13416]  * "[IP] 192.168.56.1 [Port] 0 [Flags] 2 [Guid] 783086844 [EditorId] 783086844 [Version] 1048832 [Id] WindowsEditor(7,L05M02) [Debug] 1 [PackageName] WindowsEditor [ProjectName] Editor" 

Player connection [13416] Host joined multi-casting on [225.0.0.222:54997]...
Player connection [13416] Host joined alternative multi-casting on [225.0.0.222:34997]...
JobSystem: Creating JobQueue using job-worker-count value 5
Input System module state changed to: Initialized.
[Physics::Module] Initialized fallback backend.
[Physics::Module] Id: 0xdecafbad
Library Redirect Path: Library/
[Physics::Module] Selected backend.
[Physics::Module] Name: PhysX
[Physics::Module] Id: 0xf2b8ea05
[Physics::Module] SDK Version: 4.1.2
[Physics::Module] Integration Version: 1.0.0
[Physics::Module] Threading Mode: Multi-Threaded
Refreshing native plugins compatible for Editor in 169.76 ms, found 3 plugins.
Preloading 0 native plugins for Editor in 0.00 ms.
Initialize engine version: 6000.1.2f1 (8e2281df4c52)
[Subsystems] Discovering subsystems at path C:/Program Files/Unity/Hub/Editor/6000.1.2f1/Editor/Data/Resources/UnitySubsystems
[Subsystems] Discovering subsystems at path C:/Users/ETEC/source/repos/3DS-3DS/Assets
GfxDevice: creating device client; kGfxThreadingModeNonThreaded
Direct3D:
    Version:         Direct3D 12 [level 12.1]
    Renderer:        AMD Radeon(TM) Graphics (ID=0x1636)
    Vendor:          ATI
    VRAM:            7870 MB
    App VRAM Budget: 7692 MB
    Driver:          27.20.1022.1007
    Unified Memory Architecture
CreateDescriptorHeap failed (8007000e)
Crash!!!
SymInit: Symbol-SearchPath: 'C:/Program Files/Unity/Hub/Editor/6000.1.2f1/Editor/Data/Mono;.;C:\Users\ETEC\source\repos\3DS-3DS;C:\Users\ETEC\source\repos\3DS-3DS\Library\BurstCache\JIT;C:\Program Files\Unity\Hub\Editor\6000.1.2f1\Editor;C:\Windows;C:\Windows\system32;', symOptions: 534, UserName: 'ETEC'
OS-Version: 10.0.0
C:\Program Files\Unity\Hub\Editor\6000.1.2f1\Editor\Unity.exe:Unity.exe (00007FF7A5E30000), size: 290816 (result: 0), SymType: '-deferred-', PDB: '', fileVersion: 6000.1.2.8833
C:\Windows\SYSTEM32\ntdll.dll:ntdll.dll (00007FFB2E710000), size: 2064384 (result: 0), SymType: '-deferred-', PDB: '', fileVersion: 10.0.19041.5438
C:\Windows\System32\KERNEL32.DLL:KERNEL32.DLL (00007FFB2E0D0000), size: 794624 (result: 0), SymType: '-deferred-', PDB: '', fileVersion: 10.0.19041.5678
C:\Windows\System32\KERNELBASE.dll:KERNELBASE.dll (00007FFB2C430000), size: 3104768 (result: 0), SymType: '-deferred-', PDB: '', fileVersion: 10.0.19041.5678
C:\Windows\System32\USER32.dll:USER32.dll (00007FFB2D290000), size: 1691648 (result: 0), SymType: '-deferred-', PDB: '', fileVersion: 10.0.19041.5737
C:\Windows\System32\win32u.dll:win32u.dll (00007FFB2C2E0000), size: 139264 (result: 0), SymType: '-deferred-', PDB: '', fileVersion: 10.0.19041.5737
C:\Windows\System32\GDI32.dll:GDI32.dll (00007FFB2E6A0000), size: 176128 (result: 0), SymType: '-deferred-', PDB: '', fileVersion: 10.0.19041.5737
C:\Windows\System32\gdi32full.dll:gdi32full.dll (00007FFB2C310000), size: 1155072 (result: 0), SymType: '-deferred-', PDB: '', fileVersion: 10.0.19041.5737
C:\Windows\System32\msvcp_win.dll:msvcp_win.dll (00007FFB2C240000), size: 643072 (result: 0), SymType: '-deferred-', PDB: '', fileVersion: 10.0.19041.3636
C:\Windows\System32\ucrtbase.dll:ucrtbase.dll (00007FFB2BF30000), size: 1048576 (result: 0), SymType: '-deferred-', PDB: '', fileVersion: 10.0.19041.3636
C:\Windows\System32\IMM32.DLL:IMM32.DLL (00007FFB2C900000), size: 192512 (result: 0), SymType: '-deferred-', PDB: '', fileVersion: 10.0.19041.5737
C:\Program Files\Unity\Hub\Editor\6000.1.2f1\Editor\Unity.dll:Unity.dll (00007FFAAB550000), size: 86855680 (result: 0), SymType: '-deferred-', PDB: '', fileVersion: 6000.1.2.8833
C:\Windows\System32\CRYPT32.dll:CRYPT32.dll (00007FFB2C030000), size: 1429504 (result: 0), SymType: '-deferred-', PDB: '', fileVersion: 10.0.19041.5737
C:\Windows\System32\ADVAPI32.dll:ADVAPI32.dll (00007FFB2DC10000), size: 716800 (result: 0), SymType: '-deferred-', PDB: '', fileVersion: 10.0.19041.5737
C:\Windows\System32\msvcrt.dll:msvcrt.dll (00007FFB2CD30000), size: 647168 (result: 0), SymType: '-deferred-', PDB: '', fileVersion: 7.0.19041.3636
C:\Windows\System32\sechost.dll:sechost.dll (00007FFB2CFD0000), size: 651264 (result: 0), SymType: '-deferred-', PDB: '', fileVersion: 10.0.19041.5737
C:\Program Files\Unity\Hub\Editor\6000.1.2f1\Editor\libfbxsdk.dll:libfbxsdk.dll (00007FFAAADA0000), size: 8019968 (result: 0), SymType: '-deferred-', PDB: '', fileVersion: 2020.3.7.0
C:\Windows\System32\RPCRT4.dll:RPCRT4.dll (00007FFB2CE90000), size: 1191936 (result: 0), SymType: '-deferred-', PDB: '', fileVersion: 10.0.19041.4957
C:\Windows\System32\bcrypt.dll:bcrypt.dll (00007FFB2BDA0000), size: 159744 (result: 0), SymType: '-deferred-', PDB: '', fileVersion: 10.0.19041.5369
C:\Windows\System32\ole32.dll:ole32.dll (00007FFB2D160000), size: 1224704 (result: 0), SymType: '-deferred-', PDB: '', fileVersion: 10.0.19041.5369
C:\Windows\System32\combase.dll:combase.dll (00007FFB2DCC0000), size: 3493888 (result: 0), SymType: '-deferred-', PDB: '', fileVersion: 10.0.19041.5553
C:\Windows\System32\SETUPAPI.dll:SETUPAPI.dll (00007FFB2E1A0000), size: 4657152 (result: 0), SymType: '-deferred-', PDB: '', fileVersion: 10.0.19041.5369
C:\Windows\System32\cfgmgr32.dll:cfgmgr32.dll (00007FFB2BE60000), size: 319488 (result: 0), SymType: '-deferred-', PDB: '', fileVersion: 10.0.19041.3996
C:\Windows\System32\SHELL32.dll:SHELL32.dll (00007FFB2D4A0000), size: 7794688 (result: 0), SymType: '-deferred-', PDB: '', fileVersion: 10.0.19041.5678
C:\Windows\System32\SHLWAPI.dll:SHLWAPI.dll (00007FFB2D430000), size: 348160 (result: 0), SymType: '-deferred-', PDB: '', fileVersion: 10.0.19041.4355
C:\Windows\System32\WS2_32.dll:WS2_32.dll (00007FFB2D070000), size: 438272 (result: 0), SymType: '-deferred-', PDB: '', fileVersion: 10.0.19041.3636
C:\Windows\System32\OLEAUT32.dll:OLEAUT32.dll (00007FFB2CC60000), size: 839680 (result: 0), SymType: '-deferred-', PDB: '', fileVersion: 10.0.19041.3636
C:\Windows\System32\WINTRUST.dll:WINTRUST.dll (00007FFB2BEB0000), size: 471040 (result: 0), SymType: '-deferred-', PDB: '', fileVersion: 10.0.19041.5737
C:\Program Files\Unity\Hub\Editor\6000.1.2f1\Editor\ispc_texcomp.dll:ispc_texcomp.dll (00007FFAAABE0000), size: 1826816 (result: 0), SymType: '-deferred-', PDB: ''
C:\Program Files\Unity\Hub\Editor\6000.1.2f1\Editor\s3tcompress.dll:s3tcompress.dll (00007FFB03B60000), size: 180224 (result: 0), SymType: '-deferred-', PDB: ''
C:\Program Files\Unity\Hub\Editor\6000.1.2f1\Editor\WinPixEventRuntime.dll:WinPixEventRuntime.dll (00007FFB22720000), size: 53248 (result: 0), SymType: '-deferred-', PDB: '', fileVersion: 1.0.2201.24001
C:\Program Files\Unity\Hub\Editor\6000.1.2f1\Editor\umbraoptimizer64.dll:umbraoptimizer64.dll (00007FFAAAAB0000), size: 1187840 (result: 0), SymType: '-deferred-', PDB: ''
C:\Windows\WinSxS\amd64_microsoft.windows.common-controls_6595b64144ccf1df_6.0.19041.4355_none_60b8b9eb71f62e16\COMCTL32.dll:COMCTL32.dll (00007FFB1A470000), size: 2727936 (result: 0), SymType: '-deferred-', PDB: '', fileVersion: 6.10.19041.4355
C:\Windows\SYSTEM32\d3d11.dll:d3d11.dll (00007FFB272C0000), size: 2502656 (result: 0), SymType: '-deferred-', PDB: '', fileVersion: 10.0.19041.4355
C:\Windows\SYSTEM32\d3d12.dll:d3d12.dll (00007FFB18AB0000), size: 151552 (result: 0), SymType: '-deferred-', PDB: '', fileVersion: 10.0.19041.4355
C:\Windows\SYSTEM32\dwmapi.dll:dwmapi.dll (00007FFB29940000), size: 192512 (result: 0), SymType: '-deferred-', PDB: '', fileVersion: 10.0.19041.5737
C:\Windows\SYSTEM32\dxgi.dll:dxgi.dll (00007FFB2A630000), size: 1007616 (result: 0), SymType: '-deferred-', PDB: '', fileVersion: 10.0.19041.5438
C:\Windows\SYSTEM32\HID.DLL:HID.DLL (00007FFB2A5F0000), size: 53248 (result: 0), SymType: '-deferred-', PDB: '', fileVersion: 10.0.19041.3636
C:\Windows\SYSTEM32\IPHLPAPI.DLL:IPHLPAPI.DLL (00007FFB2B140000), size: 241664 (result: 0), SymType: '-deferred-', PDB: '', fileVersion: 10.0.19041.3636
C:\Windows\SYSTEM32\MSVCP140.dll:MSVCP140.dll (00007FFB1A760000), size: 577536 (result: 0), SymType: '-deferred-', PDB: '', fileVersion: 14.42.34433.0
C:\Windows\SYSTEM32\VCRUNTIME140.dll:VCRUNTIME140.dll (00007FFB1A800000), size: 122880 (result: 0), SymType: '-deferred-', PDB: '', fileVersion: 14.42.34433.0
C:\Windows\SYSTEM32\VCRUNTIME140_1.dll:VCRUNTIME140_1.dll (00007FFB19AF0000), size: 49152 (result: 0), SymType: '-deferred-', PDB: '', fileVersion: 14.42.34433.0
C:\Windows\SYSTEM32\OPENGL32.dll:OPENGL32.dll (00007FFAAA980000), size: 1212416 (result: 0), SymType: '-deferred-', PDB: '', fileVersion: 10.0.19041.5438
C:\Windows\SYSTEM32\WINHTTP.dll:WINHTTP.dll (00007FFB26510000), size: 1089536 (result: 0), SymType: '-deferred-', PDB: '', fileVersion: 10.0.19041.5438
C:\Windows\SYSTEM32\WINMM.dll:WINMM.dll (00007FFB22DC0000), size: 159744 (result: 0), SymType: '-deferred-', PDB: '', fileVersion: 10.0.19041.3636
C:\Windows\SYSTEM32\GLU32.dll:GLU32.dll (00007FFB03C80000), size: 180224 (result: 0), SymType: '-deferred-', PDB: '', fileVersion: 10.0.19041.3636
C:\Program Files\Unity\Hub\Editor\6000.1.2f1\Editor\compress_bc7e.dll:compress_bc7e.dll (00007FFAAA820000), size: 1433600 (result: 0), SymType: '-deferred-', PDB: ''
C:\Program Files\Unity\Hub\Editor\6000.1.2f1\Editor\SketchUpAPI.dll:SketchUpAPI.dll (00007FFAA9F80000), size: 8990720 (result: 0), SymType: '-deferred-', PDB: '', fileVersion: 23.0.0.0
C:\Program Files\Unity\Hub\Editor\6000.1.2f1\Editor\OpenRL.dll:OpenRL.dll (0000000180000000), size: 12779520 (result: 0), SymType: '-deferred-', PDB: '', fileVersion: 1.5.0.2907
C:\Windows\SYSTEM32\VERSION.dll:VERSION.dll (00007FFB24D00000), size: 40960 (result: 0), SymType: '-deferred-', PDB: '', fileVersion: 10.0.19041.3636
C:\Windows\SYSTEM32\WSOCK32.dll:WSOCK32.dll (00007FFB266F0000), size: 36864 (result: 0), SymType: '-deferred-', PDB: '', fileVersion: 10.0.19041.1
C:\Windows\SYSTEM32\kernel.appcore.dll:kernel.appcore.dll (00007FFB29C40000), size: 73728 (result: 0), SymType: '-deferred-', PDB: '', fileVersion: 10.0.19041.3758
C:\Program Files\Unity\Hub\Editor\6000.1.2f1\Editor\SketchUpCommonPreferences.dll:SketchUpCommonPreferences.dll (00007FFACBA10000), size: 499712 (result: 0), SymType: '-deferred-', PDB: '', fileVersion: 23.0.0.0
C:\Windows\SYSTEM32\Secur32.dll:Secur32.dll (00007FFB1BDE0000), size: 49152 (result: 0), SymType: '-deferred-', PDB: '', fileVersion: 10.0.19041.3636
C:\Windows\SYSTEM32\MSVCP100.dll:MSVCP100.dll (0000000050860000), size: 622592 (result: 0), SymType: '-deferred-', PDB: '', fileVersion: 10.0.40219.325
C:\Windows\SYSTEM32\MSVCR100.dll:MSVCR100.dll (0000000050780000), size: 860160 (result: 0), SymType: '-deferred-', PDB: '', fileVersion: 10.0.40219.325
C:\Program Files\Unity\Hub\Editor\6000.1.2f1\Editor\NativeProxyHelper.dll:NativeProxyHelper.dll (00007FFAA98E0000), size: 1789952 (result: 0), SymType: '-deferred-', PDB: ''
C:\Windows\SYSTEM32\SSPICLI.DLL:SSPICLI.DLL (00007FFB2BC50000), size: 204800 (result: 0), SymType: '-deferred-', PDB: '', fileVersion: 10.0.19041.5737
C:\Program Files\Unity\Hub\Editor\6000.1.2f1\Editor\etccompress.dll:etccompress.dll (00007FFAA9AA0000), size: 5070848 (result: 0), SymType: '-deferred-', PDB: ''
C:\Program Files\Unity\Hub\Editor\6000.1.2f1\Editor\embree.dll:embree.dll (00007FFAA88F0000), size: 16711680 (result: 0), SymType: '-deferred-', PDB: '', fileVersion: 2.14.0.0
C:\Program Files\Unity\Hub\Editor\6000.1.2f1\Editor\tbb.dll:tbb.dll (00007FFACD6B0000), size: 303104 (result: 0), SymType: '-deferred-', PDB: '', fileVersion: 2020.3.2022.1111
C:\Program Files\Unity\Hub\Editor\6000.1.2f1\Editor\OpenRL_pthread.dll:OpenRL_pthread.dll (0000015CCFA40000), size: 61440 (result: 0), SymType: '-deferred-', PDB: '', fileVersion: 2.9.0.0
C:\Program Files\Unity\Hub\Editor\6000.1.2f1\Editor\FreeImage.dll:FreeImage.dll (0000015CCFA50000), size: 5783552 (result: 0), SymType: '-deferred-', PDB: '', fileVersion: 3.18.0.0
C:\Windows\SYSTEM32\MSWSOCK.DLL:MSWSOCK.DLL (00007FFB2B460000), size: 442368 (result: 0), SymType: '-deferred-', PDB: '', fileVersion: 10.0.19041.5553
C:\Windows\SYSTEM32\MSASN1.dll:MSASN1.dll (00007FFB2B890000), size: 73728 (result: 0), SymType: '-deferred-', PDB: '', fileVersion: 10.0.19041.3636
C:\Windows\System32\bcryptprimitives.dll:bcryptprimitives.dll (00007FFB2BDD0000), size: 532480 (result: 0), SymType: '-deferred-', PDB: '', fileVersion: 10.0.19041.5007
C:\Windows\system32\uxtheme.dll:uxtheme.dll (00007FFB29730000), size: 647168 (result: 0), SymType: '-deferred-', PDB: '', fileVersion: 10.0.19041.4529
C:\Windows\SYSTEM32\windows.storage.dll:windows.storage.dll (00007FFB29E40000), size: 8007680 (result: 0), SymType: '-deferred-', PDB: '', fileVersion: 10.0.19041.5678
C:\Windows\SYSTEM32\Wldp.dll:Wldp.dll (00007FFB2B700000), size: 176128 (result: 0), SymType: '-deferred-', PDB: '', fileVersion: 10.0.19041.5737
C:\Windows\System32\SHCORE.dll:SHCORE.dll (00007FFB2E020000), size: 708608 (result: 0), SymType: '-deferred-', PDB: '', fileVersion: 10.0.19041.5678
C:\Windows\SYSTEM32\profapi.dll:profapi.dll (00007FFB2BCD0000), size: 151552 (result: 0), SymType: '-deferred-', PDB: '', fileVersion: 10.0.19041.5553
C:\Windows\system32\IconCodecService.dll:IconCodecService.dll (00007FFACB960000), size: 36864 (result: 0), SymType: '-deferred-', PDB: '', fileVersion: 10.0.19041.1
C:\Windows\SYSTEM32\WindowsCodecs.dll:WindowsCodecs.dll (00007FFB29540000), size: 1785856 (result: 0), SymType: '-deferred-', PDB: '', fileVersion: 10.0.19041.5129
C:\Windows\System32\clbcatq.dll:clbcatq.dll (00007FFB2CDE0000), size: 692224 (result: 0), SymType: '-deferred-', PDB: '', fileVersion: 2001.12.10941.16384
C:\Windows\System32\netprofm.dll:netprofm.dll (00007FFB293C0000), size: 258048 (result: 0), SymType: '-deferred-', PDB: '', fileVersion: 10.0.19041.4355
C:\Windows\System32\NSI.dll:NSI.dll (00007FFB2D490000), size: 32768 (result: 0), SymType: '-deferred-', PDB: '', fileVersion: 10.0.19041.3636
C:\Windows\SYSTEM32\dhcpcsvc6.DLL:dhcpcsvc6.DLL (00007FFB26D40000), size: 94208 (result: 0), SymType: '-deferred-', PDB: '', fileVersion: 10.0.19041.3636
C:\Windows\SYSTEM32\dhcpcsvc.DLL:dhcpcsvc.DLL (00007FFB26D20000), size: 118784 (result: 0), SymType: '-deferred-', PDB: '', fileVersion: 10.0.19041.3636
C:\Windows\SYSTEM32\DNSAPI.dll:DNSAPI.dll (00007FFB2B180000), size: 827392 (result: 0), SymType: '-deferred-', PDB: '', fileVersion: 10.0.19041.5369
C:\Windows\system32\napinsp.dll:napinsp.dll (00007FFB173D0000), size: 94208 (result: 0), SymType: '-deferred-', PDB: '', fileVersion: 10.0.19041.3636
C:\Windows\system32\pnrpnsp.dll:pnrpnsp.dll (00007FFB173B0000), size: 110592 (result: 0), SymType: '-deferred-', PDB: '', fileVersion: 10.0.19041.3636
C:\Windows\system32\wshbth.dll:wshbth.dll (00007FFB17390000), size: 86016 (result: 0), SymType: '-deferred-', PDB: '', fileVersion: 10.0.19041.3636
C:\Windows\system32\NLAapi.dll:NLAapi.dll (00007FFB28110000), size: 118784 (result: 0), SymType: '-deferred-', PDB: '', fileVersion: 10.0.19041.4123
C:\Windows\System32\npmproxy.dll:npmproxy.dll (00007FFB251E0000), size: 65536 (result: 0), SymType: '-deferred-', PDB: '', fileVersion: 10.0.19041.4239
C:\Windows\System32\winrnr.dll:winrnr.dll (00007FFB17250000), size: 73728 (result: 0), SymType: '-deferred-', PDB: '', fileVersion: 10.0.19041.3636
C:\Windows\System32\fwpuclnt.dll:fwpuclnt.dll (00007FFB24B40000), size: 524288 (result: 0), SymType: '-deferred-', PDB: '', fileVersion: 10.0.19041.5438
C:\Windows\System32\rasadhlp.dll:rasadhlp.dll (00007FFB24F80000), size: 40960 (result: 0), SymType: '-deferred-', PDB: '', fileVersion: 10.0.19041.3636
C:\Program Files\Unity\Hub\Editor\6000.1.2f1\Editor\AMDUnityPlugin.DLL:AMDUnityPlugin.DLL (00007FFAA7B40000), size: 8814592 (result: 0), SymType: '-deferred-', PDB: ''
C:\Program Files\Unity\Hub\Editor\6000.1.2f1\Editor\NVUnityPlugin.DLL:NVUnityPlugin.DLL (00007FFAA79B0000), size: 1609728 (result: 0), SymType: '-deferred-', PDB: ''
C:\Program Files\Unity\Hub\Editor\6000.1.2f1\Editor\Data\Tools\astcenc-avx2.dll:astcenc-avx2.dll (00007FFAB5CC0000), size: 352256 (result: 0), SymType: '-deferred-', PDB: ''
C:\Windows\System32\MMDevApi.dll:MMDevApi.dll (00007FFB26810000), size: 561152 (result: 0), SymType: '-deferred-', PDB: '', fileVersion: 10.0.19041.5438
C:\Windows\System32\DEVOBJ.dll:DEVOBJ.dll (00007FFB2BA60000), size: 208896 (result: 0), SymType: '-deferred-', PDB: '', fileVersion: 10.0.19041.4355
C:\Program Files\Unity\Hub\Editor\6000.1.2f1\Editor\D3D12\D3D12Core.dll:D3D12Core.dll (00007FFAEDBC0000), size: 5967872 (result: 0), SymType: '-deferred-', PDB: '', fileVersion: 1.611.2.0
C:\Windows\SYSTEM32\dxcore.dll:dxcore.dll (00007FFB240A0000), size: 241664 (result: 0), SymType: '-deferred-', PDB: '', fileVersion: 10.0.19041.4474
C:\Windows\System32\DriverStore\FileRepository\u0357132.inf_amd64_92e9a2a4e59387a7\B356875\amdxc64.dll:amdxc64.dll (00007FFAEA4F0000), size: 31174656 (result: 0), SymType: '-deferred-', PDB: '', fileVersion: 27.20.1022.1007
C:\Windows\SYSTEM32\amdihk64.dll:amdihk64.dll (00007FFB20A00000), size: 192512 (result: 0), SymType: '-deferred-', PDB: '', fileVersion: 2.0.0.1788
C:\Windows\SYSTEM32\D3DSCache.dll:D3DSCache.dll (00007FFB1F620000), size: 176128 (result: 0), SymType: '-deferred-', PDB: '', fileVersion: 10.0.19041.4355
C:\Windows\SYSTEM32\USERENV.dll:USERENV.dll (00007FFB2BC90000), size: 188416 (result: 0), SymType: '-deferred-', PDB: '', fileVersion: 10.0.19041.4355
C:\Program Files\Unity\Hub\Editor\6000.1.2f1\Editor\DirectML.dll:DirectML.dll (00007FFAECC10000), size: 14061568 (result: 0), SymType: '-deferred-', PDB: '', fileVersion: 1.13.1.0
C:\Windows\SYSTEM32\DXGIDebug.dll:DXGIDebug.dll (00007FFB1E250000), size: 356352 (result: 0), SymType: '-deferred-', PDB: '', fileVersion: 10.0.19041.1
C:\Windows\SYSTEM32\d3d11on12.dll:d3d11on12.dll (00007FFB0A610000), size: 618496 (result: 0), SymType: '-deferred-', PDB: '', fileVersion: 10.0.19041.4355
C:\Windows\SYSTEM32\dxilconv.dll:dxilconv.dll (00007FFB09A80000), size: 1282048 (result: 0), SymType: '-deferred-', PDB: '', fileVersion: 10.0.19041.1
C:\Windows\SYSTEM32\dbghelp.dll:dbghelp.dll (00007FFB1A820000), size: 1982464 (result: 0), SymType: '-deferred-', PDB: '', fileVersion: 10.0.19041.3636

========== OUTPUTTING STACK TRACE ==================

SymInit: Symbol-SearchPath: 'C:/Program Files/Unity/Hub/Editor/6000.1.2f1/Editor/Data/Mono;.;C:\Users\ETEC\source\repos\3DS-3DS;C:\Users\ETEC\source\repos\3DS-3DS\Library\BurstCache\JIT;C:\Program Files\Unity\Hub\Editor\6000.1.2f1\Editor;C:\Windows;C:\Windows\system32;', symOptions: 534, UserName: 'ETEC'
OS-Version: 10.0.0
C:\Program Files\Unity\Hub\Editor\6000.1.2f1\Editor\Unity.exe:Unity.exe (00007FF7A5E30000), size: 290816 (result: 0), SymType: 'PDB', PDB: 'C:\Program Files\Unity\Hub\Editor\6000.1.2f1\Editor\Unity_exe_x64.pdb', fileVersion: 6000.1.2.8833
C:\Windows\SYSTEM32\ntdll.dll:ntdll.dll (00007FFB2E710000), size: 2064384 (result: 0), SymType: '-exported-', PDB: 'C:\Windows\SYSTEM32\ntdll.dll', fileVersion: 10.0.19041.5438
C:\Windows\System32\KERNEL32.DLL:KERNEL32.DLL (00007FFB2E0D0000), size: 794624 (result: 0), SymType: '-exported-', PDB: 'C:\Windows\System32\KERNEL32.DLL', fileVersion: 10.0.19041.5678
C:\Windows\System32\KERNELBASE.dll:KERNELBASE.dll (00007FFB2C430000), size: 3104768 (result: 0), SymType: '-nosymbols-', PDB: 'C:\Windows\System32\KERNELBASE.dll', fileVersion: 10.0.19041.5678
C:\Windows\System32\USER32.dll:USER32.dll (00007FFB2D290000), size: 1691648 (result: 0), SymType: '-nosymbols-', PDB: 'C:\Windows\System32\USER32.dll', fileVersion: 10.0.19041.5737
C:\Windows\System32\win32u.dll:win32u.dll (00007FFB2C2E0000), size: 139264 (result: 0), SymType: '-nosymbols-', PDB: 'C:\Windows\System32\win32u.dll', fileVersion: 10.0.19041.5737
C:\Windows\System32\GDI32.dll:GDI32.dll (00007FFB2E6A0000), size: 176128 (result: 0), SymType: '-exported-', PDB: 'C:\Windows\System32\GDI32.dll', fileVersion: 10.0.19041.5737
C:\Windows\System32\gdi32full.dll:gdi32full.dll (00007FFB2C310000), size: 1155072 (result: 0), SymType: '-exported-', PDB: 'C:\Windows\System32\gdi32full.dll', fileVersion: 10.0.19041.5737
C:\Windows\System32\msvcp_win.dll:msvcp_win.dll (00007FFB2C240000), size: 643072 (result: 0), SymType: '-exported-', PDB: 'C:\Windows\System32\msvcp_win.dll', fileVersion: 10.0.19041.3636
C:\Windows\System32\ucrtbase.dll:ucrtbase.dll (00007FFB2BF30000), size: 1048576 (result: 0), SymType: '-exported-', PDB: 'C:\Windows\System32\ucrtbase.dll', fileVersion: 10.0.19041.3636
C:\Windows\System32\IMM32.DLL:IMM32.DLL (00007FFB2C900000), size: 192512 (result: 0), SymType: '-exported-', PDB: 'C:\Windows\System32\IMM32.DLL', fileVersion: 10.0.19041.5737
C:\Program Files\Unity\Hub\Editor\6000.1.2f1\Editor\Unity.dll:Unity.dll (00007FFAAB550000), size: 86855680 (result: -529697949), SymType: '-deferred-', PDB: '', fileVersion: 6000.1.2.8833
  ERROR: LoadModule, GetLastError: 'Unknown error [-529697949]' (Address: 0000000000000000)
C:\Windows\System32\CRYPT32.dll:CRYPT32.dll (00007FFB2C030000), size: 1429504 (result: 0), SymType: '-exported-', PDB: 'C:\Windows\System32\CRYPT32.dll', fileVersion: 10.0.19041.5737
C:\Windows\System32\ADVAPI32.dll:ADVAPI32.dll (00007FFB2DC10000), size: 716800 (result: 0), SymType: '-exported-', PDB: 'C:\Windows\System32\ADVAPI32.dll', fileVersion: 10.0.19041.5737
C:\Windows\System32\msvcrt.dll:msvcrt.dll (00007FFB2CD30000), size: 647168 (result: 0), SymType: '-exported-', PDB: 'C:\Windows\System32\msvcrt.dll', fileVersion: 7.0.19041.3636
C:\Windows\System32\sechost.dll:sechost.dll (00007FFB2CFD0000), size: 651264 (result: 0), SymType: '-exported-', PDB: 'C:\Windows\System32\sechost.dll', fileVersion: 10.0.19041.5737
C:\Program Files\Unity\Hub\Editor\6000.1.2f1\Editor\libfbxsdk.dll:libfbxsdk.dll (00007FFAAADA0000), size: 8019968 (result: 0), SymType: '-exported-', PDB: 'C:\Program Files\Unity\Hub\Editor\6000.1.2f1\Editor\libfbxsdk.dll', fileVersion: 2020.3.7.0
C:\Windows\System32\RPCRT4.dll:RPCRT4.dll (00007FFB2CE90000), size: 1191936 (result: 0), SymType: '-exported-', PDB: 'C:\Windows\System32\RPCRT4.dll', fileVersion: 10.0.19041.4957
C:\Windows\System32\bcrypt.dll:bcrypt.dll (00007FFB2BDA0000), size: 159744 (result: 0), SymType: '-exported-', PDB: 'C:\Windows\System32\bcrypt.dll', fileVersion: 10.0.19041.5369
C:\Windows\System32\ole32.dll:ole32.dll (00007FFB2D160000), size: 1224704 (result: 0), SymType: '-exported-', PDB: 'C:\Windows\System32\ole32.dll', fileVersion: 10.0.19041.5369
C:\Windows\System32\combase.dll:combase.dll (00007FFB2DCC0000), size: 3493888 (result: 0), SymType: '-exported-', PDB: 'C:\Windows\System32\combase.dll', fileVersion: 10.0.19041.5553
C:\Windows\System32\SETUPAPI.dll:SETUPAPI.dll (00007FFB2E1A0000), size: 4657152 (result: 0), SymType: '-exported-', PDB: 'C:\Windows\System32\SETUPAPI.dll', fileVersion: 10.0.19041.5369
C:\Windows\System32\cfgmgr32.dll:cfgmgr32.dll (00007FFB2BE60000), size: 319488 (result: 0), SymType: '-exported-', PDB: 'C:\Windows\System32\cfgmgr32.dll', fileVersion: 10.0.19041.3996
C:\Windows\System32\SHELL32.dll:SHELL32.dll (00007FFB2D4A0000), size: 7794688 (result: 0), SymType: '-exported-', PDB: 'C:\Windows\System32\SHELL32.dll', fileVersion: 10.0.19041.5678
C:\Windows\System32\SHLWAPI.dll:SHLWAPI.dll (00007FFB2D430000), size: 348160 (result: 0), SymType: '-exported-', PDB: 'C:\Windows\System32\SHLWAPI.dll', fileVersion: 10.0.19041.4355
C:\Windows\System32\WS2_32.dll:WS2_32.dll (00007FFB2D070000), size: 438272 (result: 0), SymType: '-exported-', PDB: 'C:\Windows\System32\WS2_32.dll', fileVersion: 10.0.19041.3636
C:\Windows\System32\OLEAUT32.dll:OLEAUT32.dll (00007FFB2CC60000), size: 839680 (result: 0), SymType: '-exported-', PDB: 'C:\Windows\System32\OLEAUT32.dll', fileVersion: 10.0.19041.3636
C:\Windows\System32\WINTRUST.dll:WINTRUST.dll (00007FFB2BEB0000), size: 471040 (result: 0), SymType: '-exported-', PDB: 'C:\Windows\System32\WINTRUST.dll', fileVersion: 10.0.19041.5737
C:\Program Files\Unity\Hub\Editor\6000.1.2f1\Editor\ispc_texcomp.dll:ispc_texcomp.dll (00007FFAAABE0000), size: 1826816 (result: 0), SymType: '-exported-', PDB: 'C:\Program Files\Unity\Hub\Editor\6000.1.2f1\Editor\ispc_texcomp.dll'
C:\Program Files\Unity\Hub\Editor\6000.1.2f1\Editor\s3tcompress.dll:s3tcompress.dll (00007FFB03B60000), size: 180224 (result: 0), SymType: '-exported-', PDB: 'C:\Program Files\Unity\Hub\Editor\6000.1.2f1\Editor\s3tcompress.dll'
C:\Program Files\Unity\Hub\Editor\6000.1.2f1\Editor\WinPixEventRuntime.dll:WinPixEventRuntime.dll (00007FFB22720000), size: 53248 (result: 0), SymType: '-exported-', PDB: 'C:\Program Files\Unity\Hub\Editor\6000.1.2f1\Editor\WinPixEventRuntime.dll', fileVersion: 1.0.2201.24001
C:\Program Files\Unity\Hub\Editor\6000.1.2f1\Editor\umbraoptimizer64.dll:umbraoptimizer64.dll (00007FFAAAAB0000), size: 1187840 (result: 0), SymType: '-exported-', PDB: 'C:\Program Files\Unity\Hub\Editor\6000.1.2f1\Editor\umbraoptimizer64.dll'
C:\Windows\WinSxS\amd64_microsoft.windows.common-controls_6595b64144ccf1df_6.0.19041.4355_none_60b8b9eb71f62e16\COMCTL32.dll:COMCTL32.dll (00007FFB1A470000), size: 2727936 (result: 0), SymType: '-exported-', PDB: 'C:\Windows\WinSxS\amd64_microsoft.windows.common-controls_6595b64144ccf1df_6.0.19041.4355_none_60b8b9eb71f62e16\COMCTL32.dll', fileVersion: 6.10.19041.4355
C:\Windows\SYSTEM32\d3d11.dll:d3d11.dll (00007FFB272C0000), size: 2502656 (result: 0), SymType: '-exported-', PDB: 'C:\Windows\SYSTEM32\d3d11.dll', fileVersion: 10.0.19041.4355
C:\Windows\SYSTEM32\d3d12.dll:d3d12.dll (00007FFB18AB0000), size: 151552 (result: 0), SymType: '-exported-', PDB: 'C:\Windows\SYSTEM32\d3d12.dll', fileVersion: 10.0.19041.4355
C:\Windows\SYSTEM32\dwmapi.dll:dwmapi.dll (00007FFB29940000), size: 192512 (result: 0), SymType: '-exported-', PDB: 'C:\Windows\SYSTEM32\dwmapi.dll', fileVersion: 10.0.19041.5737
C:\Windows\SYSTEM32\dxgi.dll:dxgi.dll (00007FFB2A630000), size: 1007616 (result: 0), SymType: '-exported-', PDB: 'C:\Windows\SYSTEM32\dxgi.dll', fileVersion: 10.0.19041.5438
C:\Windows\SYSTEM32\HID.DLL:HID.DLL (00007FFB2A5F0000), size: 53248 (result: 0), SymType: '-exported-', PDB: 'C:\Windows\SYSTEM32\HID.DLL', fileVersion: 10.0.19041.3636
C:\Windows\SYSTEM32\IPHLPAPI.DLL:IPHLPAPI.DLL (00007FFB2B140000), size: 241664 (result: 0), SymType: '-exported-', PDB: 'C:\Windows\SYSTEM32\IPHLPAPI.DLL', fileVersion: 10.0.19041.3636
C:\Windows\SYSTEM32\MSVCP140.dll:MSVCP140.dll (00007FFB1A760000), size: 577536 (result: 0), SymType: '-exported-', PDB: 'C:\Windows\SYSTEM32\MSVCP140.dll', fileVersion: 14.42.34433.0
C:\Windows\SYSTEM32\VCRUNTIME140.dll:VCRUNTIME140.dll (00007FFB1A800000), size: 122880 (result: 0), SymType: '-exported-', PDB: 'C:\Windows\SYSTEM32\VCRUNTIME140.dll', fileVersion: 14.42.34433.0
C:\Windows\SYSTEM32\VCRUNTIME140_1.dll:VCRUNTIME140_1.dll (00007FFB19AF0000), size: 49152 (result: 0), SymType: '-exported-', PDB: 'C:\Windows\SYSTEM32\VCRUNTIME140_1.dll', fileVersion: 14.42.34433.0
C:\Windows\SYSTEM32\OPENGL32.dll:OPENGL32.dll (00007FFAAA980000), size: 1212416 (result: 0), SymType: '-exported-', PDB: 'C:\Windows\SYSTEM32\OPENGL32.dll', fileVersion: 10.0.19041.5438
C:\Windows\SYSTEM32\WINHTTP.dll:WINHTTP.dll (00007FFB26510000), size: 1089536 (result: 0), SymType: '-exported-', PDB: 'C:\Windows\SYSTEM32\WINHTTP.dll', fileVersion: 10.0.19041.5438
C:\Windows\SYSTEM32\WINMM.dll:WINMM.dll (00007FFB22DC0000), size: 159744 (result: 0), SymType: '-exported-', PDB: 'C:\Windows\SYSTEM32\WINMM.dll', fileVersion: 10.0.19041.3636
C:\Windows\SYSTEM32\GLU32.dll:GLU32.dll (00007FFB03C80000), size: 180224 (result: 0), SymType: '-exported-', PDB: 'C:\Windows\SYSTEM32\GLU32.dll', fileVersion: 10.0.19041.3636
C:\Program Files\Unity\Hub\Editor\6000.1.2f1\Editor\compress_bc7e.dll:compress_bc7e.dll (00007FFAAA820000), size: 1433600 (result: 0), SymType: '-exported-', PDB: 'C:\Program Files\Unity\Hub\Editor\6000.1.2f1\Editor\compress_bc7e.dll'
C:\Program Files\Unity\Hub\Editor\6000.1.2f1\Editor\SketchUpAPI.dll:SketchUpAPI.dll (00007FFAA9F80000), size: 8990720 (result: 0), SymType: '-exported-', PDB: 'C:\Program Files\Unity\Hub\Editor\6000.1.2f1\Editor\SketchUpAPI.dll', fileVersion: 23.0.0.0
C:\Program Files\Unity\Hub\Editor\6000.1.2f1\Editor\OpenRL.dll:OpenRL.dll (0000000180000000), size: 12779520 (result: 0), SymType: '-exported-', PDB: 'C:\Program Files\Unity\Hub\Editor\6000.1.2f1\Editor\OpenRL.dll', fileVersion: 1.5.0.2907
C:\Windows\SYSTEM32\VERSION.dll:VERSION.dll (00007FFB24D00000), size: 40960 (result: 0), SymType: '-exported-', PDB: 'C:\Windows\SYSTEM32\VERSION.dll', fileVersion: 10.0.19041.3636
C:\Windows\SYSTEM32\WSOCK32.dll:WSOCK32.dll (00007FFB266F0000), size: 36864 (result: 0), SymType: '-exported-', PDB: 'C:\Windows\SYSTEM32\WSOCK32.dll', fileVersion: 10.0.19041.1
C:\Windows\SYSTEM32\kernel.appcore.dll:kernel.appcore.dll (00007FFB29C40000), size: 73728 (result: 0), SymType: '-exported-', PDB: 'C:\Windows\SYSTEM32\kernel.appcore.dll', fileVersion: 10.0.19041.3758
C:\Program Files\Unity\Hub\Editor\6000.1.2f1\Editor\SketchUpCommonPreferences.dll:SketchUpCommonPreferences.dll (00007FFACBA10000), size: 499712 (result: 0), SymType: '-exported-', PDB: 'C:\Program Files\Unity\Hub\Editor\6000.1.2f1\Editor\SketchUpCommonPreferences.dll', fileVersion: 23.0.0.0
C:\Windows\SYSTEM32\Secur32.dll:Secur32.dll (00007FFB1BDE0000), size: 49152 (result: 0), SymType: '-exported-', PDB: 'C:\Windows\SYSTEM32\Secur32.dll', fileVersion: 10.0.19041.3636
C:\Windows\SYSTEM32\MSVCP100.dll:MSVCP100.dll (0000000050860000), size: 622592 (result: 0), SymType: '-exported-', PDB: 'C:\Windows\SYSTEM32\MSVCP100.dll', fileVersion: 10.0.40219.325
C:\Windows\SYSTEM32\MSVCR100.dll:MSVCR100.dll (0000000050780000), size: 860160 (result: 0), SymType: '-exported-', PDB: 'C:\Windows\SYSTEM32\MSVCR100.dll', fileVersion: 10.0.40219.325
C:\Program Files\Unity\Hub\Editor\6000.1.2f1\Editor\NativeProxyHelper.dll:NativeProxyHelper.dll (00007FFAA98E0000), size: 1789952 (result: 0), SymType: '-exported-', PDB: 'C:\Program Files\Unity\Hub\Editor\6000.1.2f1\Editor\NativeProxyHelper.dll'
C:\Windows\SYSTEM32\SSPICLI.DLL:SSPICLI.DLL (00007FFB2BC50000), size: 204800 (result: 0), SymType: '-nosymbols-', PDB: 'C:\Windows\SYSTEM32\SSPICLI.DLL', fileVersion: 10.0.19041.5737
C:\Program Files\Unity\Hub\Editor\6000.1.2f1\Editor\etccompress.dll:etccompress.dll (00007FFAA9AA0000), size: 5070848 (result: 0), SymType: '-exported-', PDB: 'C:\Program Files\Unity\Hub\Editor\6000.1.2f1\Editor\etccompress.dll'
C:\Program Files\Unity\Hub\Editor\6000.1.2f1\Editor\embree.dll:embree.dll (00007FFAA88F0000), size: 16711680 (result: 0), SymType: '-exported-', PDB: 'C:\Program Files\Unity\Hub\Editor\6000.1.2f1\Editor\embree.dll', fileVersion: 2.14.0.0
C:\Program Files\Unity\Hub\Editor\6000.1.2f1\Editor\tbb.dll:tbb.dll (00007FFACD6B0000), size: 303104 (result: 0), SymType: '-nosymbols-', PDB: 'C:\Program Files\Unity\Hub\Editor\6000.1.2f1\Editor\tbb.dll', fileVersion: 2020.3.2022.1111
C:\Program Files\Unity\Hub\Editor\6000.1.2f1\Editor\OpenRL_pthread.dll:OpenRL_pthread.dll (0000015CCFA40000), size: 61440 (result: 0), SymType: '-nosymbols-', PDB: 'C:\Program Files\Unity\Hub\Editor\6000.1.2f1\Editor\OpenRL_pthread.dll', fileVersion: 2.9.0.0
C:\Program Files\Unity\Hub\Editor\6000.1.2f1\Editor\FreeImage.dll:FreeImage.dll (0000015CCFA50000), size: 5783552 (result: 0), SymType: '-nosymbols-', PDB: 'C:\Program Files\Unity\Hub\Editor\6000.1.2f1\Editor\FreeImage.dll', fileVersion: 3.18.0.0
C:\Windows\SYSTEM32\MSWSOCK.DLL:MSWSOCK.DLL (00007FFB2B460000), size: 442368 (result: 0), SymType: '-nosymbols-', PDB: 'C:\Windows\SYSTEM32\MSWSOCK.DLL', fileVersion: 10.0.19041.5553
C:\Windows\SYSTEM32\MSASN1.dll:MSASN1.dll (00007FFB2B890000), size: 73728 (result: 0), SymType: '-exported-', PDB: 'C:\Windows\SYSTEM32\MSASN1.dll', fileVersion: 10.0.19041.3636
C:\Windows\System32\bcryptprimitives.dll:bcryptprimitives.dll (00007FFB2BDD0000), size: 532480 (result: 0), SymType: '-nosymbols-', PDB: 'C:\Windows\System32\bcryptprimitives.dll', fileVersion: 10.0.19041.5007
C:\Windows\system32\uxtheme.dll:uxtheme.dll (00007FFB29730000), size: 647168 (result: 0), SymType: '-nosymbols-', PDB: 'C:\Windows\system32\uxtheme.dll', fileVersion: 10.0.19041.4529
C:\Windows\SYSTEM32\windows.storage.dll:windows.storage.dll (00007FFB29E40000), size: 8007680 (result: 0), SymType: '-nosymbols-', PDB: 'C:\Windows\SYSTEM32\windows.storage.dll', fileVersion: 10.0.19041.5678
C:\Windows\SYSTEM32\Wldp.dll:Wldp.dll (00007FFB2B700000), size: 176128 (result: 0), SymType: '-nosymbols-', PDB: 'C:\Windows\SYSTEM32\Wldp.dll', fileVersion: 10.0.19041.5737
C:\Windows\System32\SHCORE.dll:SHCORE.dll (00007FFB2E020000), size: 708608 (result: 0), SymType: '-nosymbols-', PDB: 'C:\Windows\System32\SHCORE.dll', fileVersion: 10.0.19041.5678
C:\Windows\SYSTEM32\profapi.dll:profapi.dll (00007FFB2BCD0000), size: 151552 (result: 0), SymType: '-nosymbols-', PDB: 'C:\Windows\SYSTEM32\profapi.dll', fileVersion: 10.0.19041.5553
C:\Windows\system32\IconCodecService.dll:IconCodecService.dll (00007FFACB960000), size: 36864 (result: 0), SymType: '-nosymbols-', PDB: 'C:\Windows\system32\IconCodecService.dll', fileVersion: 10.0.19041.1
C:\Windows\SYSTEM32\WindowsCodecs.dll:WindowsCodecs.dll (00007FFB29540000), size: 1785856 (result: 0), SymType: '-nosymbols-', PDB: 'C:\Windows\SYSTEM32\WindowsCodecs.dll', fileVersion: 10.0.19041.5129
C:\Windows\System32\clbcatq.dll:clbcatq.dll (00007FFB2CDE0000), size: 692224 (result: 0), SymType: '-nosymbols-', PDB: 'C:\Windows\System32\clbcatq.dll', fileVersion: 2001.12.10941.16384
C:\Windows\System32\netprofm.dll:netprofm.dll (00007FFB293C0000), size: 258048 (result: 0), SymType: '-nosymbols-', PDB: 'C:\Windows\System32\netprofm.dll', fileVersion: 10.0.19041.4355
C:\Windows\System32\NSI.dll:NSI.dll (00007FFB2D490000), size: 32768 (result: 0), SymType: '-nosymbols-', PDB: 'C:\Windows\System32\NSI.dll', fileVersion: 10.0.19041.3636
C:\Windows\SYSTEM32\dhcpcsvc6.DLL:dhcpcsvc6.DLL (00007FFB26D40000), size: 94208 (result: 0), SymType: '-nosymbols-', PDB: 'C:\Windows\SYSTEM32\dhcpcsvc6.DLL', fileVersion: 10.0.19041.3636
C:\Windows\SYSTEM32\dhcpcsvc.DLL:dhcpcsvc.DLL (00007FFB26D20000), size: 118784 (result: 0), SymType: '-nosymbols-', PDB: 'C:\Windows\SYSTEM32\dhcpcsvc.DLL', fileVersion: 10.0.19041.3636
C:\Windows\SYSTEM32\DNSAPI.dll:DNSAPI.dll (00007FFB2B180000), size: 827392 (result: 0), SymType: '-nosymbols-', PDB: 'C:\Windows\SYSTEM32\DNSAPI.dll', fileVersion: 10.0.19041.5369
C:\Windows\system32\napinsp.dll:napinsp.dll (00007FFB173D0000), size: 94208 (result: 0), SymType: '-nosymbols-', PDB: 'C:\Windows\system32\napinsp.dll', fileVersion: 10.0.19041.3636
C:\Windows\system32\pnrpnsp.dll:pnrpnsp.dll (00007FFB173B0000), size: 110592 (result: 0), SymType: '-nosymbols-', PDB: 'C:\Windows\system32\pnrpnsp.dll', fileVersion: 10.0.19041.3636
C:\Windows\system32\wshbth.dll:wshbth.dll (00007FFB17390000), size: 86016 (result: 0), SymType: '-nosymbols-', PDB: 'C:\Windows\system32\wshbth.dll', fileVersion: 10.0.19041.3636
C:\Windows\system32\NLAapi.dll:NLAapi.dll (00007FFB28110000), size: 118784 (result: 0), SymType: '-nosymbols-', PDB: 'C:\Windows\system32\NLAapi.dll', fileVersion: 10.0.19041.4123
C:\Windows\System32\npmproxy.dll:npmproxy.dll (00007FFB251E0000), size: 65536 (result: 0), SymType: '-nosymbols-', PDB: 'C:\Windows\System32\npmproxy.dll', fileVersion: 10.0.19041.4239
C:\Windows\System32\winrnr.dll:winrnr.dll (00007FFB17250000), size: 73728 (result: 0), SymType: '-nosymbols-', PDB: 'C:\Windows\System32\winrnr.dll', fileVersion: 10.0.19041.3636
C:\Windows\System32\fwpuclnt.dll:fwpuclnt.dll (00007FFB24B40000), size: 524288 (result: 0), SymType: '-nosymbols-', PDB: 'C:\Windows\System32\fwpuclnt.dll', fileVersion: 10.0.19041.5438
C:\Windows\System32\rasadhlp.dll:rasadhlp.dll (00007FFB24F80000), size: 40960 (result: 0), SymType: '-nosymbols-', PDB: 'C:\Windows\System32\rasadhlp.dll', fileVersion: 10.0.19041.3636
C:\Program Files\Unity\Hub\Editor\6000.1.2f1\Editor\AMDUnityPlugin.DLL:AMDUnityPlugin.DLL (00007FFAA7B40000), size: 8814592 (result: 0), SymType: '-nosymbols-', PDB: 'C:\Program Files\Unity\Hub\Editor\6000.1.2f1\Editor\AMDUnityPlugin.DLL'
C:\Program Files\Unity\Hub\Editor\6000.1.2f1\Editor\NVUnityPlugin.DLL:NVUnityPlugin.DLL (00007FFAA79B0000), size: 1609728 (result: 0), SymType: '-nosymbols-', PDB: 'C:\Program Files\Unity\Hub\Editor\6000.1.2f1\Editor\NVUnityPlugin.DLL'
C:\Program Files\Unity\Hub\Editor\6000.1.2f1\Editor\Data\Tools\astcenc-avx2.dll:astcenc-avx2.dll (00007FFAB5CC0000), size: 352256 (result: 0), SymType: '-nosymbols-', PDB: 'C:\Program Files\Unity\Hub\Editor\6000.1.2f1\Editor\Data\Tools\astcenc-avx2.dll'
C:\Windows\System32\MMDevApi.dll:MMDevApi.dll (00007FFB26810000), size: 561152 (result: 0), SymType: '-exported-', PDB: 'C:\Windows\System32\MMDevApi.dll', fileVersion: 10.0.19041.5438
C:\Windows\System32\DEVOBJ.dll:DEVOBJ.dll (00007FFB2BA60000), size: 208896 (result: 0), SymType: '-nosymbols-', PDB: 'C:\Windows\System32\DEVOBJ.dll', fileVersion: 10.0.19041.4355
C:\Program Files\Unity\Hub\Editor\6000.1.2f1\Editor\D3D12\D3D12Core.dll:D3D12Core.dll (00007FFAEDBC0000), size: 5967872 (result: 0), SymType: '-exported-', PDB: 'C:\Program Files\Unity\Hub\Editor\6000.1.2f1\Editor\D3D12\D3D12Core.dll', fileVersion: 1.611.2.0
C:\Windows\SYSTEM32\dxcore.dll:dxcore.dll (00007FFB240A0000), size: 241664 (result: 0), SymType: '-exported-', PDB: 'C:\Windows\SYSTEM32\dxcore.dll', fileVersion: 10.0.19041.4474
C:\Windows\System32\DriverStore\FileRepository\u0357132.inf_amd64_92e9a2a4e59387a7\B356875\amdxc64.dll:amdxc64.dll (00007FFAEA4F0000), size: 31174656 (result: 0), SymType: '-exported-', PDB: 'C:\Windows\System32\DriverStore\FileRepository\u0357132.inf_amd64_92e9a2a4e59387a7\B356875\amdxc64.dll', fileVersion: 27.20.1022.1007
C:\Windows\SYSTEM32\amdihk64.dll:amdihk64.dll (00007FFB20A00000), size: 192512 (result: 0), SymType: '-exported-', PDB: 'C:\Windows\SYSTEM32\amdihk64.dll', fileVersion: 2.0.0.1788
C:\Windows\SYSTEM32\D3DSCache.dll:D3DSCache.dll (00007FFB1F620000), size: 176128 (result: 0), SymType: '-exported-', PDB: 'C:\Windows\SYSTEM32\D3DSCache.dll', fileVersion: 10.0.19041.4355
C:\Windows\SYSTEM32\USERENV.dll:USERENV.dll (00007FFB2BC90000), size: 188416 (result: 0), SymType: '-exported-', PDB: 'C:\Windows\SYSTEM32\USERENV.dll', fileVersion: 10.0.19041.4355
C:\Program Files\Unity\Hub\Editor\6000.1.2f1\Editor\DirectML.dll:DirectML.dll (00007FFAECC10000), size: 14061568 (result: 0), SymType: '-exported-', PDB: 'C:\Program Files\Unity\Hub\Editor\6000.1.2f1\Editor\DirectML.dll', fileVersion: 1.13.1.0
C:\Windows\SYSTEM32\DXGIDebug.dll:DXGIDebug.dll (00007FFB1E250000), size: 356352 (result: 0), SymType: '-exported-', PDB: 'C:\Windows\SYSTEM32\DXGIDebug.dll', fileVersion: 10.0.19041.1
C:\Windows\SYSTEM32\d3d11on12.dll:d3d11on12.dll (00007FFB0A610000), size: 618496 (result: 0), SymType: '-exported-', PDB: 'C:\Windows\SYSTEM32\d3d11on12.dll', fileVersion: 10.0.19041.4355
C:\Windows\SYSTEM32\dxilconv.dll:dxilconv.dll (00007FFB09A80000), size: 1282048 (result: 0), SymType: '-exported-', PDB: 'C:\Windows\SYSTEM32\dxilconv.dll', fileVersion: 10.0.19041.1
C:\Windows\SYSTEM32\dbghelp.dll:dbghelp.dll (00007FFB1A820000), size: 1982464 (result: 0), SymType: '-exported-', PDB: 'C:\Windows\SYSTEM32\dbghelp.dll', fileVersion: 10.0.19041.3636
C:\Windows\System32\psapi.dll:psapi.dll (00007FFB2CDD0000), size: 32768 (result: 0), SymType: '-deferred-', PDB: '', fileVersion: 10.0.19041.3636
  ERROR: SymGetSymFromAddr64, GetLastError: 'Unknown error [-529697949]' (Address: 00007FFAAC6D00CB)
0x00007FFAAC6D00CB (Unity) (function-name not available)
  ERROR: SymGetSymFromAddr64, GetLastError: 'Unknown error [-529697949]' (Address: 00007FFAAC6CFACB)
0x00007FFAAC6CFACB (Unity) (function-name not available)
  ERROR: SymGetSymFromAddr64, GetLastError: 'Unknown error [-529697949]' (Address: 00007FFAAC6B0442)
0x00007FFAAC6B0442 (Unity) (function-name not available)
  ERROR: SymGetSymFromAddr64, GetLastError: 'Unknown error [-529697949]' (Address: 00007FFAAC6D0D6C)
0x00007FFAAC6D0D6C (Unity) (function-name not available)
  ERROR: SymGetSymFromAddr64, GetLastError: 'Unknown error [-529697949]' (Address: 00007FFAAC67938D)
0x00007FFAAC67938D (Unity) (function-name not available)
  ERROR: SymGetSymFromAddr64, GetLastError: 'Unknown error [-529697949]' (Address: 00007FFAAC685D3F)
0x00007FFAAC685D3F (Unity) (function-name not available)
  ERROR: SymGetSymFromAddr64, GetLastError: 'Unknown error [-529697949]' (Address: 00007FFAAC3C6870)
0x00007FFAAC3C6870 (Unity) (function-name not available)
  ERROR: SymGetSymFromAddr64, GetLastError: 'Unknown error [-529697949]' (Address: 00007FFAAC70567C)
0x00007FFAAC70567C (Unity) (function-name not available)
  ERROR: SymGetSymFromAddr64, GetLastError: 'Unknown error [-529697949]' (Address: 00007FFAAC3C66FD)
0x00007FFAAC3C66FD (Unity) (function-name not available)
  ERROR: SymGetSymFromAddr64, GetLastError: 'Unknown error [-529697949]' (Address: 00007FFAAC3C9A7F)
0x00007FFAAC3C9A7F (Unity) (function-name not available)
  ERROR: SymGetSymFromAddr64, GetLastError: 'Unknown error [-529697949]' (Address: 00007FFAAC11D86B)
0x00007FFAAC11D86B (Unity) (function-name not available)
  ERROR: SymGetSymFromAddr64, GetLastError: 'Unknown error [-529697949]' (Address: 00007FFAAD225C5F)
0x00007FFAAD225C5F (Unity) (function-name not available)
  ERROR: SymGetSymFromAddr64, GetLastError: 'Unknown error [-529697949]' (Address: 00007FFAAD215898)
0x00007FFAAD215898 (Unity) (function-name not available)
  ERROR: SymGetSymFromAddr64, GetLastError: 'Unknown error [-529697949]' (Address: 00007FFAAD7FD073)
0x00007FFAAD7FD073 (Unity) (function-name not available)
0x00007FF7A5E32F2A (Unity) __scrt_common_main_seh
0x00007FFB2E0E7374 (KERNEL32) BaseThreadInitThunk
0x00007FFB2E75CC91 (ntdll) RtlUserThreadStart

========== END OF STACKTRACE ===========

A crash has been intercepted by the crash handler. For call stack and other details, see the latest crash report generated in:
 * C:/Users/ETEC/AppData/Local/Temp/Unity/Editor/Crashes
